Command: vcs -full64 -sverilog +incdir+./rtl -debug_access+all -kdb -lca -race=all \
-timescale=1ns/100ps -o ./build/simv -l ./build/comp.log -f files.f
                         Chronologic VCS (TM)
       Version W-2024.09-SP1_Full64 -- Thu Jan 29 09:22:22 2026

                    Copyright (c) 1991 - 2024 Synopsys, Inc.
   This software and the associated documentation are proprietary to Synopsys,
 Inc. This software may only be used in accordance with the terms and conditions
 of a written license agreement with Synopsys, Inc. All other use, reproduction,
   or distribution of this software is strictly prohibited.  Licensed Products
     communicate with Synopsys servers for the purpose of providing software
    updates, detecting software piracy and verifying that customers are using
    Licensed Products in conformity with the applicable License Key for such
  Licensed Products. Synopsys will use information gathered in connection with
    this process to deliver software updates and pursue software pirates and
                                   infringers.

 Inclusivity & Diversity - Visit SolvNetPlus to read the "Synopsys Statement on
            Inclusivity and Diversity" (Refer to article 000036315 at
                        https://solvnetplus.synopsys.com)


Warning-[LCA_FEATURES_ENABLED] Usage warning
  LCA features enabled by '-lca' argument on the command line.  For more 
  information regarding list of LCA features please refer to Chapter "LCA 
  features" in the VCS Release Notes


Warning-[UNKWN_OPTVSIM] Unknown option passed
  Ignoring unknown option '-race=all' passed to 'vcs' and continuing 
  compilation.

Parsing design file './rtl/CPU_RV32I.sv'
Parsing design file './rtl/ControlUnit.sv'
Parsing included file './rtl/defines.sv'.
Back to file './rtl/ControlUnit.sv'.
Parsing design file './rtl/ROM.sv'
Parsing design file './rtl/MCU.sv'
Parsing design file './rtl/defines.sv'
Parsing design file './rtl/DataPath.sv'
Parsing included file './rtl/defines.sv'.
Back to file './rtl/DataPath.sv'.
Parsing design file './rtl/RAM.sv'
Parsing design file './testbench/tb_riscv.sv'
Top Level Modules:
       tb_riscv
TimeScale is 1 ns / 1 ps
Starting vcs inline pass...
1 module and 0 UDP read.
recompiling module tb_riscv
make[1]: Entering directory '/home/aedu18/SUN/0128_RISCV_SingleCycle/csrc'
rm -f _cuarc*.so _csrc*.so pre_vcsobj_*.so share_vcsobj_*.so
if [ -x .././build/simv ]; then chmod a-x .././build/simv; fi
g++  -o .././build/simv      -rdynamic  -Wl,-rpath='$ORIGIN'/simv.daidir -Wl,-rpath=./simv.daidir \
-Wl,-rpath=/tools/synopsys/vcs/W-2024.09-SP1/linux64/lib -L/tools/synopsys/vcs/W-2024.09-SP1/linux64/lib \
-Wl,-rpath-link=./  /usr/lib64/libnuma.so.1   objs/amcQw_d.o  _778362_archive_1.so \
SIM_l.o      rmapats_mop.o rmapats.o rmar.o rmar_nd.o  rmar_llvm_0_1.o rmar_llvm_0_0.o \
-lvirsim -lerrorinf -lsnpsmalloc -lvfs    -lvcsnew -lsimprofile -luclinative /tools/synopsys/vcs/W-2024.09-SP1/linux64/lib/vcs_tls.o \
-Wl,-whole-archive  -lvcsucli    -Wl,-no-whole-archive       _vcs_pli_stub_.o   /tools/synopsys/vcs/W-2024.09-SP1/linux64/lib/vcs_save_restore_new.o \
/tools/synopsys/verdi/W-2024.09-SP2/share/PLI/VCS/LINUX64/pli.a -ldl  -lc -lm -lpthread \
-ldl 
.././build/simv up to date
make[1]: Leaving directory '/home/aedu18/SUN/0128_RISCV_SingleCycle/csrc'
CPU time: .248 seconds to compile + .193 seconds to elab + .172 seconds to link
Verdi KDB elaboration done and the database successfully generated
