version: (200506)

available memory: 64M bytes
used memory: 245760 bytes [need 240K bytes if disable swap]

used block: 9 [memory(9) file(0)]
                 [ 8K(6) 64K(3) { total 240K bytes } ]
overhead: (9514) bytes for (9) blocks [Average: (1057) bytes/block]

write  => 0(times) 0K(bytes) [0K bytes to file]
read   => 3(times) 32K(bytes) [6K bytes compressed data from file]
access => 2800667(times) 21893M(bytes)
          [hit ratio: 99.9999%]

time: write(0) read(0)  unit: second

swap file directory: (/home/aedu18/SUN/0127_RISCV_SingleCycle/verdiLog)
used swap file number: (4)



swap file manager:
arrSize: (256)
idxCnt: (5)
closeHead: (1)
closeTail: (4)
openCnt: (4)
fid(4): fd(1073741826) fileName(/home/aedu18/SUN/0127_RISCV_SingleCycle/build/simv.daidir/kdb.elab++/work.lib++/DataPath.sv.tdc)
	size(4618) lastModTime(1769498548) curModTime(1769498548)
	mode(rb)	hot(0) cool(3) pos(0)
fid(3): fd(1073741825) fileName(/home/aedu18/SUN/0127_RISCV_SingleCycle/build/simv.daidir/kdb.elab++/work.lib++/tb_alu.sv.tdc)
	size(4583) lastModTime(1769498548) curModTime(1769498548)
	mode(rb)	hot(4) cool(2) pos(0)
fid(2): fd(22) fileName(/home/aedu18/SUN/0127_RISCV_SingleCycle/verdiLog/_swap_0001#261616969#2612086)
	size(0) lastModTime(0) curModTime(1769498556)
	mode(w+b)	hot(3) cool(1) pos(0)
fid(1): fd(1073741824) fileName(/home/aedu18/SUN/0127_RISCV_SingleCycle/build/simv.daidir/kdb.elab++/work.lib++/MCU.sv.tdc)
	size(1055) lastModTime(1769498548) curModTime(1769498548)
	mode(rb)	hot(2) cool(0) pos(0)
fid(0): fd(0) fileName(NULL)
	mode(NULL)	hot(0) cool(0) pos(0)
==================================================
mySelf(0x208904d0) pre(0x230a6300) next((nil))
version(200506)
date(Dec  3 2024 20:20:45)
