version: (200506)

available memory: 64M bytes
used memory: 73728 bytes [need 72K bytes if disable swap]

used block: 2 [memory(2) file(0)]
                 [ 8K(1) 64K(1) { total 72K bytes } ]
overhead: (9514) bytes for (2) blocks [Average: (4757) bytes/block]

write  => 0(times) 0K(bytes) [0K bytes to file]
read   => 1(times) 3K(bytes) [0K bytes compressed data from file]
access => 25689(times) 202M(bytes)
          [hit ratio: 99.9961%]

time: write(0) read(0)  unit: second

swap file directory: (/home/aedu18/SUN/0127_adder/verdiLog)
used swap file number: (1)



swap file manager:
arrSize: (256)
idxCnt: (3)
closeHead: (1)
closeTail: (2)
openCnt: (2)
fid(2): fd(22) fileName(/home/aedu18/SUN/0127_adder/verdiLog/_swap_0001#261616969#2458558)
	size(0) lastModTime(0) curModTime(1769496063)
	mode(w+b)	hot(0) cool(1) pos(0)
fid(1): fd(1073741824) fileName(/home/aedu18/SUN/0127_adder/build/simv.daidir/kdb.elab++/work.lib++/tb_adder.sv.tdc)
	size(1195) lastModTime(1769496060) curModTime(1769496060)
	mode(rb)	hot(2) cool(0) pos(0)
fid(0): fd(0) fileName(NULL)
	mode(NULL)	hot(0) cool(0) pos(0)
==================================================
mySelf(0x20073b70) pre(0x1fff92c0) next((nil))
version(200506)
date(Dec  3 2024 20:20:45)
