version: (200506)

available memory: 64M bytes
used memory: 253952 bytes [need 248K bytes if disable swap]

used block: 10 [memory(10) file(0)]
                 [ 8K(7) 64K(3) { total 248K bytes } ]
overhead: (9514) bytes for (10) blocks [Average: (951) bytes/block]

write  => 0(times) 0K(bytes) [0K bytes to file]
read   => 3(times) 35K(bytes) [7K bytes compressed data from file]
access => 715353(times) 5604M(bytes)
          [hit ratio: 99.9996%]

time: write(0) read(0)  unit: second

swap file directory: (/home/aedu18/SUN/0127_registerfile/verdiLog)
used swap file number: (4)



swap file manager:
arrSize: (256)
idxCnt: (5)
closeHead: (1)
closeTail: (4)
openCnt: (4)
fid(4): fd(1073741826) fileName(/home/aedu18/SUN/0127_registerfile/build/simv.daidir/kdb.elab++/work.lib++/DataPath.sv.tdc)
	size(5288) lastModTime(1769508364) curModTime(1769508364)
	mode(rb)	hot(0) cool(3) pos(0)
fid(3): fd(1073741825) fileName(/home/aedu18/SUN/0127_registerfile/build/simv.daidir/kdb.elab++/work.lib++/tb_registerfile.sv.tdc)
	size(5512) lastModTime(1769508364) curModTime(1769508364)
	mode(rb)	hot(4) cool(2) pos(0)
fid(2): fd(22) fileName(/home/aedu18/SUN/0127_registerfile/verdiLog/_swap_0001#261616969#2882650)
	size(0) lastModTime(0) curModTime(1769508367)
	mode(w+b)	hot(3) cool(1) pos(0)
fid(1): fd(1073741824) fileName(/home/aedu18/SUN/0127_registerfile/build/simv.daidir/kdb.elab++/work.lib++/MCU.sv.tdc)
	size(1055) lastModTime(1769508364) curModTime(1769508364)
	mode(rb)	hot(2) cool(0) pos(0)
fid(0): fd(0) fileName(NULL)
	mode(NULL)	hot(0) cool(0) pos(0)
==================================================
mySelf(0x2097a090) pre(0x1fbe0440) next((nil))
version(200506)
date(Dec  3 2024 20:20:45)
